#
# There is insufficient memory for the Java Runtime Environment to continue.
# Native memory allocation (mmap) failed to map 134217728 bytes for G1 virtual space
# Possible reasons:
#   The system is out of physical RAM or swap space
#   The process is running with CompressedOops enabled, and the Java Heap may be blocking the growth of the native heap
# Possible solutions:
#   Reduce memory load on the system
#   Increase physical memory or swap space
#   Check if swap backing store is full
#   Decrease Java heap size (-Xmx/-Xms)
#   Decrease number of Java threads
#   Decrease Java thread stack sizes (-Xss)
#   Set larger code cache with -XX:ReservedCodeCacheSize=
#   JVM is running with Unscaled Compressed Oops mode in which the Java heap is
#     placed in the first 4GB address space. The Java Heap base address is the
#     maximum limit for the native heap growth. Please use -XX:HeapBaseMinAddress
#     to set the Java Heap base and to place the Java Heap above 4GB virtual address.
# This output file may be truncated or incomplete.
#
#  Out of Memory Error (os_windows.cpp:3617), pid=25844, tid=26144
#
# JRE version:  (17.0.8.1+1) (build )
# Java VM: OpenJDK 64-Bit Server VM (17.0.8.1+1, mixed mode, sharing, tiered, compressed oops, compressed class ptrs, g1 gc, windows-amd64)
# No core dump will be written. Minidumps are not enabled by default on client versions of Windows
#

---------------  S U M M A R Y ------------

Command Line: -Dfile.encoding=UTF-8 -Dstdout.encoding=UTF-8 -Dstderr.encoding=UTF-8 -XX:+ShowCodeDetailsInExceptionMessages Menu

Host: Intel(R) Core(TM) i7-6500U CPU @ 2.50GHz, 4 cores, 7G,  Windows 10 , 64 bit Build 19041 (10.0.19041.3393)
Time: Fri Oct 13 16:30:17 2023 ora legale Europa occidentale elapsed time: 0.035038 seconds (0d 0h 0m 0s)

---------------  T H R E A D  ---------------

Current thread (0x0000013e20828910):  JavaThread "Unknown thread" [_thread_in_vm, id=26144, stack(0x0000001128200000,0x0000001128300000)]

Stack: [0x0000001128200000,0x0000001128300000]
Native frames: (J=compiled Java code, j=interpreted, Vv=VM code, C=native code)
V  [jvm.dll+0x678b0a]
V  [jvm.dll+0x835e84]
V  [jvm.dll+0x83762e]
V  [jvm.dll+0x837c93]
V  [jvm.dll+0x24746f]
V  [jvm.dll+0x675859]
V  [jvm.dll+0x66a0ea]
V  [jvm.dll+0x306c7b]
V  [jvm.dll+0x30e166]
V  [jvm.dll+0x35dd3e]
V  [jvm.dll+0x35df6f]
V  [jvm.dll+0x2ddb48]
V  [jvm.dll+0x2deab4]
V  [jvm.dll+0x807f31]
V  [jvm.dll+0x36bb21]
V  [jvm.dll+0x7e733c]
V  [jvm.dll+0x3ee4af]
V  [jvm.dll+0x3f00c1]
C  [jli.dll+0x528b]
C  [ucrtbase.dll+0x21bb2]
C  [KERNEL32.DLL+0x17344]
C  [ntdll.dll+0x526b1]


---------------  P R O C E S S  ---------------

Threads class SMR info:
_java_thread_list=0x00007ffdf8a5a018, length=0, elements={
}

Java Threads: ( => current thread )

Other Threads:
  0x0000013e20882310 GCTaskThread "GC Thread#0" [stack: 0x0000001128300000,0x0000001128400000] [id=25856]
  0x0000013e20892f60 ConcurrentGCThread "G1 Main Marker" [stack: 0x0000001128400000,0x0000001128500000] [id=26140]
  0x0000013e20894250 ConcurrentGCThread "G1 Conc#0" [stack: 0x0000001128500000,0x0000001128600000] [id=23716]

[error occurred during error reporting (printing all threads), id 0xc0000005, EXCEPTION_ACCESS_VIOLATION (0xc0000005) at pc=0x00007ffdf822e587]

VM state: not at safepoint (not fully initialized)

VM Mutex/Monitor currently owned by a thread:  ([mutex/lock_event])
[0x0000013e20823af0] Heap_lock - owner thread: 0x0000013e20828910

Heap address: 0x0000000081800000, size: 2024 MB, Compressed Oops mode: 32-bit

CDS archive(s) mapped at: [0x0000000000000000-0x0000000000000000-0x0000000000000000), size 0, SharedBaseAddress: 0x0000000800000000, ArchiveRelocationMode: 1.
Narrow klass base: 0x0000000000000000, Narrow klass shift: 0, Narrow klass range: 0x0

GC Precious Log:
<Empty>

Heap:
 garbage-first heap   total 0K, used 0K [0x0000000081800000, 0x0000000100000000)
  region size 1024K, 0 young (0K), 0 survivors (0K)

[error occurred during error reporting (printing heap information), id 0xc0000005, EXCEPTION_ACCESS_VIOLATION (0xc0000005) at pc=0x00007ffdf8612699]

GC Heap History (0 events):
No events

Dll operation events (1 events):
Event: 0.011 Loaded shared library C:\Users\vivia\.p2\pool\plugins\org.eclipse.justj.openjdk.hotspot.jre.full.win32.x86_64_17.0.8.v20230831-1047\jre\bin\java.dll

Deoptimization events (0 events):
No events

Classes unloaded (0 events):
No events

Classes redefined (0 events):
No events

Internal exceptions (0 events):
No events

VM Operations (0 events):
No events

Events (0 events):
No events


Dynamic libraries:
0x00007ff60d6f0000 - 0x00007ff60d6fe000 	C:\Users\vivia\.p2\pool\plugins\org.eclipse.justj.openjdk.hotspot.jre.full.win32.x86_64_17.0.8.v20230831-1047\jre\bin\javaw.exe
0x00007ffe39b70000 - 0x00007ffe39d68000 	C:\WINDOWS\SYSTEM32\ntdll.dll
0x00007ffe399b0000 - 0x00007ffe39a6d000 	C:\WINDOWS\System32\KERNEL32.DLL
0x00007ffe37250000 - 0x00007ffe37546000 	C:\WINDOWS\System32\KERNELBASE.dll
0x00007ffe37970000 - 0x00007ffe37a70000 	C:\WINDOWS\System32\ucrtbase.dll
0x00007ffe238f0000 - 0x00007ffe23907000 	C:\Users\vivia\.p2\pool\plugins\org.eclipse.justj.openjdk.hotspot.jre.full.win32.x86_64_17.0.8.v20230831-1047\jre\bin\jli.dll
0x00007ffe386e0000 - 0x00007ffe3887e000 	C:\WINDOWS\System32\USER32.dll
0x00007ffe375c0000 - 0x00007ffe375e2000 	C:\WINDOWS\System32\win32u.dll
0x00007ffe37bd0000 - 0x00007ffe37bfc000 	C:\WINDOWS\System32\GDI32.dll
0x00007ffe37770000 - 0x00007ffe3788a000 	C:\WINDOWS\System32\gdi32full.dll
0x00007ffe376d0000 - 0x00007ffe3776d000 	C:\WINDOWS\System32\msvcp_win.dll
0x00007ffe201f0000 - 0x00007ffe20209000 	C:\Users\vivia\.p2\pool\plugins\org.eclipse.justj.openjdk.hotspot.jre.full.win32.x86_64_17.0.8.v20230831-1047\jre\bin\VCRUNTIME140.dll
0x00007ffe313b0000 - 0x00007ffe3164a000 	C:\WINDOWS\WinSxS\amd64_microsoft.windows.common-controls_6595b64144ccf1df_6.0.19041.1110_none_60b5254171f9507e\COMCTL32.dll
0x00007ffe37d00000 - 0x00007ffe37d9e000 	C:\WINDOWS\System32\msvcrt.dll
0x00007ffe381a0000 - 0x00007ffe381d0000 	C:\WINDOWS\System32\IMM32.DLL
0x00007ffe32db0000 - 0x00007ffe32dbc000 	C:\Users\vivia\.p2\pool\plugins\org.eclipse.justj.openjdk.hotspot.jre.full.win32.x86_64_17.0.8.v20230831-1047\jre\bin\vcruntime140_1.dll
0x00007ffe03a10000 - 0x00007ffe03aa1000 	C:\Users\vivia\.p2\pool\plugins\org.eclipse.justj.openjdk.hotspot.jre.full.win32.x86_64_17.0.8.v20230831-1047\jre\bin\msvcp140.dll
0x00007ffdf7f40000 - 0x00007ffdf8b8c000 	C:\Users\vivia\.p2\pool\plugins\org.eclipse.justj.openjdk.hotspot.jre.full.win32.x86_64_17.0.8.v20230831-1047\jre\bin\server\jvm.dll
0x00007ffe38960000 - 0x00007ffe38a0e000 	C:\WINDOWS\System32\ADVAPI32.dll
0x00007ffe37c60000 - 0x00007ffe37cfc000 	C:\WINDOWS\System32\sechost.dll
0x00007ffe38070000 - 0x00007ffe38196000 	C:\WINDOWS\System32\RPCRT4.dll
0x00007ffe367b0000 - 0x00007ffe367fb000 	C:\WINDOWS\SYSTEM32\POWRPROF.dll
0x00007ffe32ef0000 - 0x00007ffe32ef9000 	C:\WINDOWS\SYSTEM32\WSOCK32.dll
0x00007ffe385e0000 - 0x00007ffe3864b000 	C:\WINDOWS\System32\WS2_32.dll
0x00007ffe218d0000 - 0x00007ffe218f7000 	C:\WINDOWS\SYSTEM32\WINMM.dll
0x00007ffe2ecf0000 - 0x00007ffe2ecfa000 	C:\WINDOWS\SYSTEM32\VERSION.dll
0x00007ffe36670000 - 0x00007ffe36682000 	C:\WINDOWS\SYSTEM32\UMPDC.dll
0x00007ffe350f0000 - 0x00007ffe35102000 	C:\WINDOWS\SYSTEM32\kernel.appcore.dll
0x00007ffe32e80000 - 0x00007ffe32e8a000 	C:\Users\vivia\.p2\pool\plugins\org.eclipse.justj.openjdk.hotspot.jre.full.win32.x86_64_17.0.8.v20230831-1047\jre\bin\jimage.dll
0x00007ffe30cd0000 - 0x00007ffe30eb4000 	C:\WINDOWS\SYSTEM32\DBGHELP.DLL
0x00007ffe260b0000 - 0x00007ffe260e4000 	C:\WINDOWS\SYSTEM32\dbgcore.DLL
0x00007ffe37640000 - 0x00007ffe376c2000 	C:\WINDOWS\System32\bcryptPrimitives.dll
0x00007ffe2f610000 - 0x00007ffe2f635000 	C:\Users\vivia\.p2\pool\plugins\org.eclipse.justj.openjdk.hotspot.jre.full.win32.x86_64_17.0.8.v20230831-1047\jre\bin\java.dll

dbghelp: loaded successfully - version: 4.0.5 - missing functions: none
symbol engine: initialized successfully - sym options: 0x614 - pdb path: .;C:\Users\vivia\.p2\pool\plugins\org.eclipse.justj.openjdk.hotspot.jre.full.win32.x86_64_17.0.8.v20230831-1047\jre\bin;C:\WINDOWS\SYSTEM32;C:\WINDOWS\WinSxS\amd64_microsoft.windows.common-controls_6595b64144ccf1df_6.0.19041.1110_none_60b5254171f9507e;C:\Users\vivia\.p2\pool\plugins\org.eclipse.justj.openjdk.hotspot.jre.full.win32.x86_64_17.0.8.v20230831-1047\jre\bin\server

VM Arguments:
jvm_args: -Dfile.encoding=UTF-8 -Dstdout.encoding=UTF-8 -Dstderr.encoding=UTF-8 -XX:+ShowCodeDetailsInExceptionMessages 
java_command: Menu
java_class_path (initial): C:\Users\vivia\Desktop\UlisseNuovo\bin;C:\Users\vivia\Desktop\UlisseNuovo\UlisseNuovo\lib\commons-beanutils-1.9.4.jar;C:\Users\vivia\Desktop\UlisseNuovo\UlisseNuovo\lib\commons-collections-3.2.2.jar;C:\Users\vivia\Desktop\UlisseNuovo\UlisseNuovo\lib\commons-collections4-4.2.jar;C:\Users\vivia\Desktop\UlisseNuovo\UlisseNuovo\lib\commons-digester-2.1.jar;C:\Users\vivia\Desktop\UlisseNuovo\UlisseNuovo\lib\commons-logging-1.1.1.jar;C:\Users\vivia\Desktop\UlisseNuovo\UlisseNuovo\lib\ecj-3.21.0.jar;C:\Users\vivia\Desktop\UlisseNuovo\UlisseNuovo\lib\jackson-annotations-2.14.1.jar;C:\Users\vivia\Desktop\UlisseNuovo\UlisseNuovo\lib\jackson-core-2.14.1.jar;C:\Users\vivia\Desktop\UlisseNuovo\UlisseNuovo\lib\jackson-databind-2.14.1.jar;C:\Users\vivia\Desktop\UlisseNuovo\UlisseNuovo\lib\jackson-dataformat-xml-2.14.1.jar;C:\Users\vivia\Desktop\UlisseNuovo\UlisseNuovo\lib\jasperreports-6.20.6.jar;C:\Users\vivia\Desktop\UlisseNuovo\UlisseNuovo\lib\jcommon-1.0.23.jar;C:\Users\vivia\Desktop\UlisseNuovo\UlisseNuovo\lib\jfreechart-1.0.19.jar;C:\Users\vivia\Desktop\UlisseNuovo\UlisseNuovo\lib\openpdf-1.3.30.jaspersoft.3.jar;C:\Users\vivia\Desktop\UlisseNuovo\UlisseNuovo\lib\stax2-api-4.2.1.jar;C:\Users\vivia\Desktop\UlisseNuovo\UlisseNuovo\lib\woodstox-core-6.4.0.jar;C:\Users\vivia\Desktop\mysql-connector-j-8.0.33\mysql-connector-j-8.0.33.jar;C:\Users\vivia\Desktop\jasperreports-functions-6.20.6.jar;C:\Users\vivia\Desktop\jasperreports-fonts-6.20.6.jar;C:\Users\vivia\Desktop\berlin-sans-fb.jar
Launcher Type: SUN_STANDARD

[Global flags]
     intx CICompilerCount                          = 3                                         {product} {ergonomic}
     uint ConcGCThreads                            = 1                                         {product} {ergonomic}
     uint G1ConcRefinementThreads                  = 4                                         {product} {ergonomic}
   size_t G1HeapRegionSize                         = 1048576                                   {product} {ergonomic}
    uintx GCDrainStackTargetSize                   = 64                                        {product} {ergonomic}
   size_t InitialHeapSize                          = 134217728                                 {product} {ergonomic}
   size_t MarkStackSize                            = 4194304                                   {product} {ergonomic}
   size_t MaxHeapSize                              = 2122317824                                {product} {ergonomic}
   size_t MinHeapDeltaBytes                        = 1048576                                   {product} {ergonomic}
   size_t MinHeapSize                              = 8388608                                   {product} {ergonomic}
    uintx NonNMethodCodeHeapSize                   = 5832780                                {pd product} {ergonomic}
    uintx NonProfiledCodeHeapSize                  = 122912730                              {pd product} {ergonomic}
    uintx ProfiledCodeHeapSize                     = 122912730                              {pd product} {ergonomic}
    uintx ReservedCodeCacheSize                    = 251658240                              {pd product} {ergonomic}
     bool SegmentedCodeCache                       = true                                      {product} {ergonomic}
     bool ShowCodeDetailsInExceptionMessages       = true                                   {manageable} {command line}
   size_t SoftMaxHeapSize                          = 2122317824                             {manageable} {ergonomic}
     bool UseCompressedClassPointers               = true                           {product lp64_product} {ergonomic}
     bool UseCompressedOops                        = true                           {product lp64_product} {ergonomic}
     bool UseG1GC                                  = true                                      {product} {ergonomic}
     bool UseLargePagesIndividualAllocation        = false                                  {pd product} {ergonomic}

Logging:
Log output configuration:
 #0: stdout all=warning uptime,level,tags
 #1: stderr all=off uptime,level,tags

Environment Variables:
PATH=C:/Users/vivia/.p2/pool/plugins/org.eclipse.justj.openjdk.hotspot.jre.full.win32.x86_64_17.0.8.v20230831-1047/jre/bin/server;C:/Users/vivia/.p2/pool/plugins/org.eclipse.justj.openjdk.hotspot.jre.full.win32.x86_64_17.0.8.v20230831-1047/jre/bin;C:\WINDOWS\system32;C:\WINDOWS;C:\WINDOWS\System32\Wbem;C:\WINDOWS\System32\WindowsPowerShell\v1.0\;C:\WINDOWS\System32\OpenSSH\;C:\Program Files\Git\cmd;C:\Program Files\MySQL\MySQL Shell 8.0\bin\;C:\Users\vivia\AppData\Local\Microsoft\WindowsApps;;C:\Users\vivia\Desktop;
USERNAME=vivia
OS=Windows_NT
PROCESSOR_IDENTIFIER=Intel64 Family 6 Model 78 Stepping 3, GenuineIntel
TMP=C:\Users\vivia\AppData\Local\Temp
TEMP=C:\Users\vivia\AppData\Local\Temp



---------------  S Y S T E M  ---------------

OS:
 Windows 10 , 64 bit Build 19041 (10.0.19041.3393)
OS uptime: 1 days 0:58 hours

CPU: total 4 (initial active 4) (2 cores per cpu, 2 threads per core) family 6 model 78 stepping 3 microcode 0xcc, cx8, cmov, fxsr, ht, mmx, 3dnowpref, sse, sse2, sse3, ssse3, sse4.1, sse4.2, popcnt, lzcnt, tsc, tscinvbit, avx, avx2, aes, erms, clmul, bmi1, bmi2, adx, fma, vzeroupper, clflush, clflushopt
Processor Information for all 4 processors :
  Max Mhz: 2601, Current Mhz: 2601, Mhz Limit: 2601

Memory: 4k page, system-wide physical 8090M (276M free)
TotalPageFile size 32666M (AvailPageFile size 30M)
current process WorkingSet (physical memory assigned to process): 10M, peak: 10M
current process commit charge ("private bytes"): 51M, peak: 179M

vm_info: OpenJDK 64-Bit Server VM (17.0.8.1+1) for windows-amd64 JRE (17.0.8.1+1), built on Aug 23 2023 15:29:17 by "admin" with MS VC++ 16.7 (VS2019)

END.
